Using pre-set license
Built from '2021.1/staging' branch; Version is '2021.1.2f1 (e5d502d80fbb) revision 15062274'; Using compiler version '192528614'; Build Type 'Release'
OS: 'Windows 10 Pro; OS build 19043.1083; Version 2009; 64bit' Language: 'ja' Physical Memory: 32676 MB
BatchMode: 1, IsHumanControllingUs: 0, StartBugReporterOnCrash: 0, Is64bit: 1, IsPro: 0

 COMMAND LINE ARGUMENTS:
D:\install\2021.1.2f1\Editor\Unity.exe
-adb2
-batchMode
-noUpm
-name
AssetImportWorker0
-projectPath
D:/DevelopmentProjects/Break the 5G call of dead
-logFile
Logs/AssetImportWorker0.log
-srvPort
62368
Successfully changed project path to: D:/DevelopmentProjects/Break the 5G call of dead
D:/DevelopmentProjects/Break the 5G call of dead
Using Asset Import Pipeline V2.
Refreshing native plugins compatible for Editor in 74.80 ms, found 1 plugins.
Preloading 0 native plugins for Editor in 0.00 ms.
Initialize engine version: 2021.1.2f1 (e5d502d80fbb)
[Subsystems] Discovering subsystems at path D:/install/2021.1.2f1/Editor/Data/Resources/UnitySubsystems
[Subsystems] Discovering subsystems at path D:/DevelopmentProjects/Break the 5G call of dead/Assets
GfxDevice: creating device client; threaded=0; jobified=0
Direct3D:
    Version:  Direct3D 11.0 [level 11.1]
    Renderer: NVIDIA GeForce RTX 3080 Ti (ID=0x2208)
    Vendor:   NVIDIA
    VRAM:     12108 MB
    Driver:   30.0.14.7111
Initialize mono
Mono path[0] = 'D:/install/2021.1.2f1/Editor/Data/Managed'
Mono path[1] = 'D:/install/2021.1.2f1/Editor/Data/MonoBleedingEdge/lib/mono/unityjit'
Mono config path = 'D:/install/2021.1.2f1/Editor/Data/MonoBleedingEdge/etc'
Using monoOptions --debugger-agent=transport=dt_socket,embedding=1,server=y,suspend=n,address=127.0.0.1:56392
Begin MonoManager ReloadAssembly
Registering precompiled unity dll's ...
Register platform support module: D:/install/2021.1.2f1/Editor/Data/PlaybackEngines/WindowsStandaloneSupport/UnityEditor.WindowsStandalone.Extensions.dll
Registered in 0.000936 seconds.
Native extension for WindowsStandalone target not found
Refreshing native plugins compatible for Editor in 75.69 ms, found 1 plugins.
Preloading 0 native plugins for Editor in 0.00 ms.
Mono: successfully reloaded assembly
- Completed reload, in  1.033 seconds
Platform modules already initialized, skipping
Registering precompiled user dll's ...
Registered in 0.001999 seconds.
Begin MonoManager ReloadAssembly
Native extension for WindowsStandalone target not found
Refreshing native plugins compatible for Editor in 1.19 ms, found 1 plugins.
Preloading 0 native plugins for Editor in 0.00 ms.
Mono: successfully reloaded assembly
- Completed reload, in  0.874 seconds
Platform modules already initialized, skipping
========================================================================
Worker process is ready to serve import requests
Launched and connected shader compiler UnityShaderCompiler.exe after 0.05 seconds
Refreshing native plugins compatible for Editor in 0.85 ms, found 1 plugins.
Preloading 0 native plugins for Editor in 0.00 ms.
Unloading 3435 Unused Serialized files (Serialized files now loaded: 0)
System memory in use before: 130.2 MB.
System memory in use after: 130.4 MB.

Unloading 15 unused Assets to reduce memory usage. Loaded Objects now: 3902.
Total: 2.117100 ms (FindLiveObjects: 0.270600 ms CreateObjectMapping: 0.089500 ms MarkObjects: 1.678300 ms  DeleteObjects: 0.077800 ms)

========================================================================
Received Import Request.
  path: Assets/Invector-3rdPersonController/Basic Locomotion
  artifactKey: Guid(f9966ac1d3e8ca64f90d16757c4820b5) Importer(815301076,1909f56bfc062723c751e8b465ee728b)
Start importing Assets/Invector-3rdPersonController/Basic Locomotion using Guid(f9966ac1d3e8ca64f90d16757c4820b5) Importer(815301076,1909f56bfc062723c751e8b465ee728b)  -> (artifact id: 'f74fa4642b6b8377ea93ebc8dfc254c7') in 0.005777 seconds 
========================================================================
Received Import Request.
  Time since last request: 4.418093 seconds.
  path: Assets/Invector-3rdPersonController/Shooter/3DModels/Animations
  artifactKey: Guid(e6534392fcece864a976bca5a2686cc8) Importer(815301076,1909f56bfc062723c751e8b465ee728b)
Start importing Assets/Invector-3rdPersonController/Shooter/3DModels/Animations using Guid(e6534392fcece864a976bca5a2686cc8) Importer(815301076,1909f56bfc062723c751e8b465ee728b)  -> (artifact id: '837061a7c03df5d647b614f7ea2a9aad') in 0.002106 seconds 
========================================================================
Received Import Request.
  Time since last request: 4.934975 seconds.
  path: Assets/Invector-3rdPersonController/Shooter/3DModels/Weapons
  artifactKey: Guid(f5036555a8db28d4593be5559249a61c) Importer(815301076,1909f56bfc062723c751e8b465ee728b)
Start importing Assets/Invector-3rdPersonController/Shooter/3DModels/Weapons using Guid(f5036555a8db28d4593be5559249a61c) Importer(815301076,1909f56bfc062723c751e8b465ee728b)  -> (artifact id: '063c81c7534bef24671a4b77c07c2a1a') in 0.002180 seconds 
========================================================================
Received Prepare
Registering precompiled user dll's ...
Registered in 0.001907 seconds.
Begin MonoManager ReloadAssembly
Native extension for WindowsStandalone target not found
Refreshing native plugins compatible for Editor in 0.75 ms, found 1 plugins.
Preloading 0 native plugins for Editor in 0.00 ms.
Mono: successfully reloaded assembly
- Completed reload, in  0.765 seconds
Platform modules already initialized, skipping
Refreshing native plugins compatible for Editor in 0.74 ms, found 1 plugins.
Preloading 0 native plugins for Editor in 0.00 ms.
Unloading 3421 Unused Serialized files (Serialized files now loaded: 0)
System memory in use before: 129.2 MB.
System memory in use after: 129.5 MB.

Unloading 10 unused Assets to reduce memory usage. Loaded Objects now: 3905.
Total: 2.354700 ms (FindLiveObjects: 0.254800 ms CreateObjectMapping: 0.086500 ms MarkObjects: 1.952800 ms  DeleteObjects: 0.059400 ms)

========================================================================
Received Prepare
Registering precompiled user dll's ...
Registered in 0.001934 seconds.
Begin MonoManager ReloadAssembly
Native extension for WindowsStandalone target not found
Refreshing native plugins compatible for Editor in 0.77 ms, found 1 plugins.
Preloading 0 native plugins for Editor in 0.00 ms.
Mono: successfully reloaded assembly
- Completed reload, in  0.785 seconds
Platform modules already initialized, skipping
Refreshing native plugins compatible for Editor in 0.75 ms, found 1 plugins.
Preloading 0 native plugins for Editor in 0.00 ms.
Unloading 3421 Unused Serialized files (Serialized files now loaded: 0)
System memory in use before: 129.3 MB.
System memory in use after: 129.5 MB.

Unloading 10 unused Assets to reduce memory usage. Loaded Objects now: 3908.
Total: 2.853200 ms (FindLiveObjects: 0.361200 ms CreateObjectMapping: 0.100200 ms MarkObjects: 2.309800 ms  DeleteObjects: 0.080900 ms)

========================================================================
Received Prepare
Registering precompiled user dll's ...
Registered in 0.001958 seconds.
Begin MonoManager ReloadAssembly
Native extension for WindowsStandalone target not found
Refreshing native plugins compatible for Editor in 0.75 ms, found 1 plugins.
Preloading 0 native plugins for Editor in 0.00 ms.
Mono: successfully reloaded assembly
- Completed reload, in  0.758 seconds
Platform modules already initialized, skipping
Refreshing native plugins compatible for Editor in 0.73 ms, found 1 plugins.
Preloading 0 native plugins for Editor in 0.00 ms.
Unloading 3421 Unused Serialized files (Serialized files now loaded: 0)
System memory in use before: 129.3 MB.
System memory in use after: 129.5 MB.

Unloading 10 unused Assets to reduce memory usage. Loaded Objects now: 3911.
Total: 1.982000 ms (FindLiveObjects: 0.254400 ms CreateObjectMapping: 0.084700 ms MarkObjects: 1.601300 ms  DeleteObjects: 0.040900 ms)

========================================================================
Received Prepare
Registering precompiled user dll's ...
Registered in 0.001763 seconds.
Begin MonoManager ReloadAssembly
Native extension for WindowsStandalone target not found
Refreshing native plugins compatible for Editor in 0.76 ms, found 1 plugins.
Preloading 0 native plugins for Editor in 0.00 ms.
Mono: successfully reloaded assembly
- Completed reload, in  0.738 seconds
Platform modules already initialized, skipping
Refreshing native plugins compatible for Editor in 0.76 ms, found 1 plugins.
Preloading 0 native plugins for Editor in 0.00 ms.
Unloading 3421 Unused Serialized files (Serialized files now loaded: 0)
System memory in use before: 129.4 MB.
System memory in use after: 129.6 MB.

Unloading 10 unused Assets to reduce memory usage. Loaded Objects now: 3914.
Total: 1.879500 ms (FindLiveObjects: 0.241700 ms CreateObjectMapping: 0.085300 ms MarkObjects: 1.512100 ms  DeleteObjects: 0.039600 ms)

========================================================================
Received Import Request.
  Time since last request: 1564.052647 seconds.
  path: Assets/【VRoidVRMモデル】ロゼッタ.AvatarDescription/AvatarDescription.asset
  artifactKey: Guid(65d71e61b32595e4dbaf62875800ff3f) Importer(815301076,1909f56bfc062723c751e8b465ee728b)
Start importing Assets/【VRoidVRMモデル】ロゼッタ.AvatarDescription/AvatarDescription.asset using Guid(65d71e61b32595e4dbaf62875800ff3f) Importer(815301076,1909f56bfc062723c751e8b465ee728b)  -> (artifact id: '28a58cd0b677a7ff5390c0038fd1ef65') in 0.034820 seconds 
========================================================================
Received Import Request.
  Time since last request: 59.210489 seconds.
  path: Assets/Invector-3rdPersonController/Basic Locomotion/Documentation_BasicLocomotion.pdf
  artifactKey: Guid(f92719f6898d68a46912a07a6d4837a7) Importer(815301076,1909f56bfc062723c751e8b465ee728b)
Start importing Assets/Invector-3rdPersonController/Basic Locomotion/Documentation_BasicLocomotion.pdf using Guid(f92719f6898d68a46912a07a6d4837a7) Importer(815301076,1909f56bfc062723c751e8b465ee728b)  -> (artifact id: '63cd75a24cc1918734b26ce80b72382d') in 0.006323 seconds 
========================================================================
Received Prepare
Registering precompiled user dll's ...
Registered in 0.001921 seconds.
Begin MonoManager ReloadAssembly
Native extension for WindowsStandalone target not found
Refreshing native plugins compatible for Editor in 0.76 ms, found 1 plugins.
Preloading 0 native plugins for Editor in 0.00 ms.
Mono: successfully reloaded assembly
- Completed reload, in  0.763 seconds
Platform modules already initialized, skipping
Refreshing native plugins compatible for Editor in 0.76 ms, found 1 plugins.
Preloading 0 native plugins for Editor in 0.00 ms.
Unloading 3421 Unused Serialized files (Serialized files now loaded: 0)
System memory in use before: 129.4 MB.
System memory in use after: 129.6 MB.

Unloading 10 unused Assets to reduce memory usage. Loaded Objects now: 3917.
Total: 2.096500 ms (FindLiveObjects: 0.320400 ms CreateObjectMapping: 0.156100 ms MarkObjects: 1.574900 ms  DeleteObjects: 0.044500 ms)

========================================================================
Received Import Request.
  Time since last request: 154.722757 seconds.
  path: Assets/BodyStruct@InvectorComponents.asset
  artifactKey: Guid(9d9baf149ea9f8943b660d7c61c79dde) Importer(815301076,1909f56bfc062723c751e8b465ee728b)
Start importing Assets/BodyStruct@InvectorComponents.asset using Guid(9d9baf149ea9f8943b660d7c61c79dde) Importer(815301076,1909f56bfc062723c751e8b465ee728b)  -> (artifact id: '9e938ba60fbb98dd44276b031162d5e1') in 0.016777 seconds 
========================================================================
Received Prepare
Registering precompiled user dll's ...
Registered in 0.001973 seconds.
Begin MonoManager ReloadAssembly
Native extension for WindowsStandalone target not found
Refreshing native plugins compatible for Editor in 1.24 ms, found 1 plugins.
Preloading 0 native plugins for Editor in 0.00 ms.
Mono: successfully reloaded assembly
- Completed reload, in  0.773 seconds
Platform modules already initialized, skipping
Refreshing native plugins compatible for Editor in 0.82 ms, found 1 plugins.
Preloading 0 native plugins for Editor in 0.00 ms.
Unloading 3421 Unused Serialized files (Serialized files now loaded: 0)
System memory in use before: 129.4 MB.
System memory in use after: 129.6 MB.

Unloading 10 unused Assets to reduce memory usage. Loaded Objects now: 3920.
Total: 2.575600 ms (FindLiveObjects: 0.425700 ms CreateObjectMapping: 0.186700 ms MarkObjects: 1.912000 ms  DeleteObjects: 0.050200 ms)

========================================================================
Received Prepare
Registering precompiled user dll's ...
Registered in 0.002053 seconds.
Begin MonoManager ReloadAssembly
Native extension for WindowsStandalone target not found
Refreshing native plugins compatible for Editor in 0.80 ms, found 1 plugins.
Preloading 0 native plugins for Editor in 0.00 ms.
Mono: successfully reloaded assembly
- Completed reload, in  0.747 seconds
Platform modules already initialized, skipping
Refreshing native plugins compatible for Editor in 0.77 ms, found 1 plugins.
Preloading 0 native plugins for Editor in 0.00 ms.
Unloading 3421 Unused Serialized files (Serialized files now loaded: 0)
System memory in use before: 129.4 MB.
System memory in use after: 129.6 MB.

Unloading 10 unused Assets to reduce memory usage. Loaded Objects now: 3923.
Total: 2.015000 ms (FindLiveObjects: 0.344700 ms CreateObjectMapping: 0.091700 ms MarkObjects: 1.528100 ms  DeleteObjects: 0.049400 ms)

========================================================================
Received Prepare
Registering precompiled user dll's ...
Registered in 0.001858 seconds.
Begin MonoManager ReloadAssembly
Native extension for WindowsStandalone target not found
Refreshing native plugins compatible for Editor in 0.76 ms, found 1 plugins.
Preloading 0 native plugins for Editor in 0.00 ms.
Mono: successfully reloaded assembly
- Completed reload, in  0.749 seconds
Platform modules already initialized, skipping
Refreshing native plugins compatible for Editor in 0.74 ms, found 1 plugins.
Preloading 0 native plugins for Editor in 0.00 ms.
Unloading 3421 Unused Serialized files (Serialized files now loaded: 0)
System memory in use before: 129.4 MB.
System memory in use after: 129.6 MB.

Unloading 10 unused Assets to reduce memory usage. Loaded Objects now: 3926.
Total: 1.864100 ms (FindLiveObjects: 0.243900 ms CreateObjectMapping: 0.084100 ms MarkObjects: 1.498300 ms  DeleteObjects: 0.037200 ms)

========================================================================
Received Prepare
Registering precompiled user dll's ...
Registered in 0.002034 seconds.
Begin MonoManager ReloadAssembly
Native extension for WindowsStandalone target not found
Refreshing native plugins compatible for Editor in 0.80 ms, found 1 plugins.
Preloading 0 native plugins for Editor in 0.00 ms.
Mono: successfully reloaded assembly
- Completed reload, in  0.770 seconds
Platform modules already initialized, skipping
Refreshing native plugins compatible for Editor in 0.75 ms, found 1 plugins.
Preloading 0 native plugins for Editor in 0.00 ms.
Unloading 3421 Unused Serialized files (Serialized files now loaded: 0)
System memory in use before: 129.4 MB.
System memory in use after: 129.6 MB.

Unloading 10 unused Assets to reduce memory usage. Loaded Objects now: 3929.
Total: 2.763300 ms (FindLiveObjects: 0.362100 ms CreateObjectMapping: 0.096500 ms MarkObjects: 2.252300 ms  DeleteObjects: 0.051000 ms)

AssetImportWorkerClient::OnTransportError - code=2 error=End of file
