Using pre-set license
Built from '2021.1/staging' branch; Version is '2021.1.2f1 (e5d502d80fbb) revision 15062274'; Using compiler version '192528614'; Build Type 'Release'
OS: 'Windows 10 Pro; OS build 19043.1081; Version 2009; 64bit' Language: 'ja' Physical Memory: 32676 MB
BatchMode: 1, IsHumanControllingUs: 0, StartBugReporterOnCrash: 0, Is64bit: 1, IsPro: 0

 COMMAND LINE ARGUMENTS:
D:\install\2021.1.2f1\Editor\Unity.exe
-adb2
-batchMode
-noUpm
-name
AssetImportWorker0
-projectPath
D:/DevelopmentProjects/Break the 5G call of dead
-logFile
Logs/AssetImportWorker0.log
-srvPort
59571
Successfully changed project path to: D:/DevelopmentProjects/Break the 5G call of dead
D:/DevelopmentProjects/Break the 5G call of dead
Using Asset Import Pipeline V2.
Refreshing native plugins compatible for Editor in 62.15 ms, found 1 plugins.
Preloading 0 native plugins for Editor in 0.00 ms.
Initialize engine version: 2021.1.2f1 (e5d502d80fbb)
[Subsystems] Discovering subsystems at path D:/install/2021.1.2f1/Editor/Data/Resources/UnitySubsystems
[Subsystems] Discovering subsystems at path D:/DevelopmentProjects/Break the 5G call of dead/Assets
GfxDevice: creating device client; threaded=0; jobified=0
Direct3D:
    Version:  Direct3D 11.0 [level 11.1]
    Renderer: NVIDIA GeForce RTX 3080 Ti (ID=0x2208)
    Vendor:   NVIDIA
    VRAM:     12108 MB
    Driver:   30.0.14.7111
Initialize mono
Mono path[0] = 'D:/install/2021.1.2f1/Editor/Data/Managed'
Mono path[1] = 'D:/install/2021.1.2f1/Editor/Data/MonoBleedingEdge/lib/mono/unityjit'
Mono config path = 'D:/install/2021.1.2f1/Editor/Data/MonoBleedingEdge/etc'
Using monoOptions --debugger-agent=transport=dt_socket,embedding=1,server=y,suspend=n,address=127.0.0.1:56068
Begin MonoManager ReloadAssembly
Registering precompiled unity dll's ...
Register platform support module: D:/install/2021.1.2f1/Editor/Data/PlaybackEngines/WindowsStandaloneSupport/UnityEditor.WindowsStandalone.Extensions.dll
Registered in 0.000763 seconds.
Native extension for WindowsStandalone target not found
Refreshing native plugins compatible for Editor in 62.76 ms, found 1 plugins.
Preloading 0 native plugins for Editor in 0.00 ms.
Mono: successfully reloaded assembly
- Completed reload, in  0.964 seconds
Platform modules already initialized, skipping
Registering precompiled user dll's ...
Registered in 0.001852 seconds.
Begin MonoManager ReloadAssembly
Native extension for WindowsStandalone target not found
Refreshing native plugins compatible for Editor in 0.53 ms, found 1 plugins.
Preloading 0 native plugins for Editor in 0.00 ms.
Mono: successfully reloaded assembly
- Completed reload, in  0.727 seconds
Platform modules already initialized, skipping
========================================================================
Worker process is ready to serve import requests
Launched and connected shader compiler UnityShaderCompiler.exe after 0.06 seconds
Refreshing native plugins compatible for Editor in 0.92 ms, found 1 plugins.
Preloading 0 native plugins for Editor in 0.00 ms.
Unloading 2683 Unused Serialized files (Serialized files now loaded: 0)
System memory in use before: 104.2 MB.
System memory in use after: 104.4 MB.

Unloading 15 unused Assets to reduce memory usage. Loaded Objects now: 3141.
Total: 1.986900 ms (FindLiveObjects: 0.234000 ms CreateObjectMapping: 0.099200 ms MarkObjects: 1.586800 ms  DeleteObjects: 0.066300 ms)

========================================================================
Received Import Request.
  path: Assets/FBX(converted)/【VRoidVRMモデル】ロゼッタ 2.prefab
  artifactKey: Guid(302ef8417f8c32f4b84a90bdf9c80f17) Importer(815301076,1909f56bfc062723c751e8b465ee728b)
Start importing Assets/FBX(converted)/【VRoidVRMモデル】ロゼッタ 2.prefab using Guid(302ef8417f8c32f4b84a90bdf9c80f17) Importer(815301076,1909f56bfc062723c751e8b465ee728b)  -> (artifact id: 'f15cadd90a56cf3ad27132fdd8f43e89') in 0.126706 seconds 
========================================================================
Received Import Request.
  Time since last request: 0.000387 seconds.
  path: Assets/FBX(converted)/【VRoidVRMモデル】ロゼッタ 2.fbx
  artifactKey: Guid(4a979360da8bdae41bd50be0706d64fe) Importer(815301076,1909f56bfc062723c751e8b465ee728b)
Start importing Assets/FBX(converted)/【VRoidVRMモデル】ロゼッタ 2.fbx using Guid(4a979360da8bdae41bd50be0706d64fe) Importer(815301076,1909f56bfc062723c751e8b465ee728b)  -> (artifact id: '577837592bc3a502d37faf07169e1f49') in 0.090984 seconds 
========================================================================
Received Import Request.
  Time since last request: 0.000255 seconds.
  path: Assets/FBX(converted)
  artifactKey: Guid(4d29c16dd64c93b419b1e3183365c306) Importer(815301076,1909f56bfc062723c751e8b465ee728b)
Start importing Assets/FBX(converted) using Guid(4d29c16dd64c93b419b1e3183365c306) Importer(815301076,1909f56bfc062723c751e8b465ee728b)  -> (artifact id: 'c12210b083519dd7d285c38c1290ca0e') in 0.001554 seconds 
========================================================================
Received Import Request.
  Time since last request: 17.417766 seconds.
  path: Assets/FBX(forEdit)
  artifactKey: Guid(9f885c7abe281d345a1fdbdcc20c35cf) Importer(815301076,1909f56bfc062723c751e8b465ee728b)
Start importing Assets/FBX(forEdit) using Guid(9f885c7abe281d345a1fdbdcc20c35cf) Importer(815301076,1909f56bfc062723c751e8b465ee728b)  -> (artifact id: '222ff6d230bbbb4c0fe25b493188e302') in 0.001879 seconds 
========================================================================
Received Import Request.
  Time since last request: 57.950209 seconds.
  path: Assets/【VRoidVRMモデル】ロゼッタ 1.fbx
  artifactKey: Guid(8afbb6ed27d4ced4c926b6200652f2c4) Importer(815301076,1909f56bfc062723c751e8b465ee728b)
Start importing Assets/【VRoidVRMモデル】ロゼッタ 1.fbx using Guid(8afbb6ed27d4ced4c926b6200652f2c4) Importer(815301076,1909f56bfc062723c751e8b465ee728b)  -> (artifact id: 'b58cc05d477c082c8422ad7164e42026') in 0.091967 seconds 
========================================================================
Received Import Request.
  Time since last request: 1.981179 seconds.
  path: Assets/【VRoidVRMモデル】ロゼッタ.prefab
  artifactKey: Guid(c884623562c73354fa5f434400aad41e) Importer(815301076,1909f56bfc062723c751e8b465ee728b)
Start importing Assets/【VRoidVRMモデル】ロゼッタ.prefab using Guid(c884623562c73354fa5f434400aad41e) Importer(815301076,1909f56bfc062723c751e8b465ee728b)  -> (artifact id: 'da323ab137f3eaaa0211e1f356386d02') in 0.004945 seconds 
========================================================================
Received Import Request.
  Time since last request: 2.022669 seconds.
  path: Assets/【VRoidVRMモデル】ロゼッタ.vrm
  artifactKey: Guid(4e8b0e7017cf63b459143c69c5bfca2c) Importer(815301076,1909f56bfc062723c751e8b465ee728b)
Start importing Assets/【VRoidVRMモデル】ロゼッタ.vrm using Guid(4e8b0e7017cf63b459143c69c5bfca2c) Importer(815301076,1909f56bfc062723c751e8b465ee728b)  -> (artifact id: '34a9bb415ce3ed8e94f56b5c96681c0d') in 0.003561 seconds 
========================================================================
Received Import Request.
  Time since last request: 31.182261 seconds.
  path: Assets/Materials
  artifactKey: Guid(b2ace93d1cdbab147a87e5da864b0dba) Importer(815301076,1909f56bfc062723c751e8b465ee728b)
Start importing Assets/Materials using Guid(b2ace93d1cdbab147a87e5da864b0dba) Importer(815301076,1909f56bfc062723c751e8b465ee728b)  -> (artifact id: 'f06cdc3b4bb283ba5ac76508e44727b8') in 0.001598 seconds 
========================================================================
Received Import Request.
  Time since last request: 2.135854 seconds.
  path: Assets/【VRoidVRMモデル】ロゼッタ.Textures
  artifactKey: Guid(1f6a4788d03246f4fa21ff59f26fdbeb) Importer(815301076,1909f56bfc062723c751e8b465ee728b)
Start importing Assets/【VRoidVRMモデル】ロゼッタ.Textures using Guid(1f6a4788d03246f4fa21ff59f26fdbeb) Importer(815301076,1909f56bfc062723c751e8b465ee728b)  -> (artifact id: '11397e8f253b1b5a3a064681e84379c3') in 0.001863 seconds 
